<?xml version="1.0" encoding="UTF-8"?>
<testng-results skipped="0" failed="0" ignored="0" total="1" passed="1">
  <reporter-output>
  </reporter-output>
  <suite name="Default suite" duration-ms="47" started-at="2019-03-11T04:33:26Z" finished-at="2019-03-11T04:33:26Z">
    <groups>
    </groups>
    <test name="Default test" duration-ms="47" started-at="2019-03-11T04:33:26Z" finished-at="2019-03-11T04:33:26Z">
      <class name="com.config.ReadConfig">
        <test-method status="PASS" signature="ReadConfigFile()[pri:0, instance:com.config.ReadConfig@6d00a15d]" name="ReadConfigFile" duration-ms="14" started-at="2019-03-11T04:33:26Z" finished-at="2019-03-11T04:33:26Z">
          <reporter-output>
          </reporter-output>
        </test-method> <!-- ReadConfigFile -->
      </class> <!-- com.config.ReadConfig -->
    </test> <!-- Default test -->
  </suite> <!-- Default suite -->
</testng-results>
